<?xml version="1.0" encoding="UTF-8"?>
<!-- Generated by org.testng.reporters.JUnitXMLReporter -->
<testsuite ignored="0" hostname="Girish" failures="0" tests="4" name="Default test" time="80.337" errors="0" timestamp="2023-03-08T12:46:53 IST">
  <testcase classname="framework.Book_Flight_test" name="Book_flight" time="18.081"/>
  <testcase classname="framework.Book_Flight_test" name="Book_flight" time="21.603"/>
  <testcase classname="framework.Book_Flight_test" name="Book_flight" time="22.026"/>
  <testcase classname="framework.Book_Flight_test" name="Book_flight" time="18.581"/>
</testsuite> <!-- Default test -->
